2020-08-25 15:15:47.4613|INFO|Microsoft.AspNetCore.DataProtection.KeyManagement.XmlKeyManager|User profile is available. Using 'C:\Users\TED\AppData\Local\ASP.NET\DataProtection-Keys' as key repository and Windows DPAPI to encrypt keys at rest.
2020-08-25 15:16:04.9809|INFO|Microsoft.AspNetCore.Hosting.Internal.WebHost|Request starting HTTP/1.1 GET http://localhost:1028/api/values  
2020-08-25 15:16:04.9963|INFO|Microsoft.AspNetCore.Hosting.Internal.WebHost|Request starting HTTP/1.1 DEBUG http://localhost:1028/  0
2020-08-25 15:16:05.3678|INFO|Microsoft.AspNetCore.Hosting.Internal.WebHost|Request starting HTTP/1.1 GET http://localhost:1028/api/cities/10/pointsofinterest/2  
2020-08-25 15:16:07.4080|INFO|Microsoft.AspNetCore.Hosting.Internal.WebHost|Request finished in 2872.4791ms 200 
2020-08-25 15:16:11.9966|INFO|Microsoft.AspNetCore.Mvc.Internal.ControllerActionInvoker|Route matched with {action = "GetPointOfInterest", controller = "PointsOfInterest"}. Executing controller action with signature Microsoft.AspNetCore.Mvc.IActionResult GetPointOfInterest(Int32, Int32) on controller CitiesAPI.ASP.NET.CORE.Controllers.PointsOfInterestController (CitiesAPI.ASP.NET.CORE).
2020-08-25 15:16:12.1564|INFO|Microsoft.AspNetCore.Mvc.Internal.ControllerActionInvoker|Route matched with {action = "Get", controller = "Values"}. Executing controller action with signature Microsoft.AspNetCore.Mvc.ActionResult`1[System.Collections.Generic.IEnumerable`1[System.String]] Get() on controller CitiesAPI.ASP.NET.CORE.Controllers.ValuesController (CitiesAPI.ASP.NET.CORE).
2020-08-25 15:16:12.7575|INFO|Microsoft.AspNetCore.Mvc.Internal.ControllerActionInvoker|Executing action method CitiesAPI.ASP.NET.CORE.Controllers.ValuesController.Get (CitiesAPI.ASP.NET.CORE) - Validation state: Valid
2020-08-25 15:16:13.0617|INFO|Microsoft.AspNetCore.Mvc.Internal.ControllerActionInvoker|Executed action method CitiesAPI.ASP.NET.CORE.Controllers.ValuesController.Get (CitiesAPI.ASP.NET.CORE), returned result Microsoft.AspNetCore.Mvc.ObjectResult in 2.0261ms.
2020-08-25 15:16:13.1602|INFO|Microsoft.AspNetCore.Mvc.Internal.ControllerActionInvoker|Executing action method CitiesAPI.ASP.NET.CORE.Controllers.PointsOfInterestController.GetPointOfInterest (CitiesAPI.ASP.NET.CORE) - Validation state: Valid
2020-08-25 15:16:13.9265|INFO|Microsoft.AspNetCore.Mvc.Internal.ControllerActionInvoker|Executed action method CitiesAPI.ASP.NET.CORE.Controllers.PointsOfInterestController.GetPointOfInterest (CitiesAPI.ASP.NET.CORE), returned result Microsoft.AspNetCore.Mvc.NotFoundResult in 26.3089ms.
2020-08-25 15:16:14.0710|INFO|Microsoft.AspNetCore.Mvc.Infrastructure.ObjectResultExecutor|Executing ObjectResult, writing value of type 'System.String[]'.
2020-08-25 15:16:14.2593|INFO|Microsoft.AspNetCore.Mvc.StatusCodeResult|Executing HttpStatusCodeResult, setting HTTP status code 404
2020-08-25 15:16:14.5119|INFO|Microsoft.AspNetCore.Mvc.Internal.ControllerActionInvoker|Executed action CitiesAPI.ASP.NET.CORE.Controllers.PointsOfInterestController.GetPointOfInterest (CitiesAPI.ASP.NET.CORE) in 2262.6989ms
2020-08-25 15:16:15.0410|INFO|Microsoft.AspNetCore.Hosting.Internal.WebHost|Request finished in 10232.4654ms 404 text/plain
2020-08-25 15:16:16.9888|INFO|Microsoft.AspNetCore.Mvc.Internal.ControllerActionInvoker|Executed action CitiesAPI.ASP.NET.CORE.Controllers.ValuesController.Get (CitiesAPI.ASP.NET.CORE) in 3923.1344ms
2020-08-25 15:16:17.1668|INFO|Microsoft.AspNetCore.Hosting.Internal.WebHost|Request finished in 12602.9065ms 200 application/json; charset=utf-8
2020-08-25 15:16:24.8102|INFO|Microsoft.AspNetCore.Hosting.Internal.WebHost|Request starting HTTP/1.1 GET http://localhost:1028/favicon.ico  
2020-08-25 15:16:24.8433|INFO|Microsoft.AspNetCore.Hosting.Internal.WebHost|Request finished in 30.4525ms 404 text/plain
2020-08-25 15:16:42.7977|INFO|Microsoft.AspNetCore.Hosting.Internal.WebHost|Request starting HTTP/1.1 GET http://localhost:1028/api/cities/1/pointsofinterest/2  
2020-08-25 15:16:43.1088|INFO|Microsoft.AspNetCore.Mvc.Internal.ControllerActionInvoker|Route matched with {action = "GetPointOfInterest", controller = "PointsOfInterest"}. Executing controller action with signature Microsoft.AspNetCore.Mvc.IActionResult GetPointOfInterest(Int32, Int32) on controller CitiesAPI.ASP.NET.CORE.Controllers.PointsOfInterestController (CitiesAPI.ASP.NET.CORE).
2020-08-25 15:16:43.2756|INFO|Microsoft.AspNetCore.Mvc.Internal.ControllerActionInvoker|Executing action method CitiesAPI.ASP.NET.CORE.Controllers.PointsOfInterestController.GetPointOfInterest (CitiesAPI.ASP.NET.CORE) - Validation state: Valid
2020-08-25 15:16:43.4844|INFO|Microsoft.AspNetCore.Mvc.Internal.ControllerActionInvoker|Executed action method CitiesAPI.ASP.NET.CORE.Controllers.PointsOfInterestController.GetPointOfInterest (CitiesAPI.ASP.NET.CORE), returned result Microsoft.AspNetCore.Mvc.OkObjectResult in 2.5113ms.
2020-08-25 15:16:43.7554|INFO|Microsoft.AspNetCore.Mvc.Infrastructure.ObjectResultExecutor|Executing ObjectResult, writing value of type 'CitiesAPI.ASP.NET.CORE.Models.PointOfInterestDto'.
2020-08-25 15:16:43.8674|INFO|Microsoft.AspNetCore.Mvc.Internal.ControllerActionInvoker|Executed action CitiesAPI.ASP.NET.CORE.Controllers.PointsOfInterestController.GetPointOfInterest (CitiesAPI.ASP.NET.CORE) in 723.7924ms
2020-08-25 15:16:43.9200|INFO|Microsoft.AspNetCore.Hosting.Internal.WebHost|Request finished in 1124.1606ms 200 application/json; charset=utf-8
2020-08-25 15:17:06.0790|INFO|Microsoft.AspNetCore.Hosting.Internal.WebHost|Request starting HTTP/1.1 DELETE http://localhost:1028/api/cities/1/pointsofinterest/2  
2020-08-25 15:17:06.3926|INFO|Microsoft.AspNetCore.Mvc.Internal.ControllerActionInvoker|Route matched with {action = "UpdatePointOfInterest", controller = "PointsOfInterest"}. Executing controller action with signature Microsoft.AspNetCore.Mvc.IActionResult UpdatePointOfInterest(Int32, Int32) on controller CitiesAPI.ASP.NET.CORE.Controllers.PointsOfInterestController (CitiesAPI.ASP.NET.CORE).
2020-08-25 15:17:06.5614|INFO|Microsoft.AspNetCore.Mvc.Internal.ControllerActionInvoker|Executing action method CitiesAPI.ASP.NET.CORE.Controllers.PointsOfInterestController.UpdatePointOfInterest (CitiesAPI.ASP.NET.CORE) - Validation state: Valid
2020-08-25 15:17:06.9845|INFO|Microsoft.AspNetCore.Mvc.Internal.ControllerActionInvoker|Executed action method CitiesAPI.ASP.NET.CORE.Controllers.PointsOfInterestController.UpdatePointOfInterest (CitiesAPI.ASP.NET.CORE), returned result Microsoft.AspNetCore.Mvc.NoContentResult in 361.5897ms.
2020-08-25 15:17:07.0226|INFO|Microsoft.AspNetCore.Mvc.StatusCodeResult|Executing HttpStatusCodeResult, setting HTTP status code 204
2020-08-25 15:17:07.3621|INFO|Microsoft.AspNetCore.Mvc.Internal.ControllerActionInvoker|Executed action CitiesAPI.ASP.NET.CORE.Controllers.PointsOfInterestController.UpdatePointOfInterest (CitiesAPI.ASP.NET.CORE) in 758.7128ms
2020-08-25 15:17:07.4040|INFO|Microsoft.AspNetCore.Hosting.Internal.WebHost|Request finished in 1634.1746ms 204 
2020-08-25 15:39:46.3634|INFO|Microsoft.AspNetCore.DataProtection.KeyManagement.XmlKeyManager|User profile is available. Using 'C:\Users\TED\AppData\Local\ASP.NET\DataProtection-Keys' as key repository and Windows DPAPI to encrypt keys at rest.
2020-08-25 15:40:07.6633|INFO|Microsoft.AspNetCore.Hosting.Internal.WebHost|Request starting HTTP/1.1 DEBUG http://localhost:1028/  0
2020-08-25 15:40:07.6633|INFO|Microsoft.AspNetCore.Hosting.Internal.WebHost|Request starting HTTP/1.1 GET http://localhost:1028/api/values  
2020-08-25 15:40:09.8318|INFO|Microsoft.AspNetCore.Hosting.Internal.WebHost|Request finished in 1928.3007ms 200 
2020-08-25 15:40:14.1469|INFO|Microsoft.AspNetCore.Mvc.Internal.ControllerActionInvoker|Route matched with {action = "Get", controller = "Values"}. Executing controller action with signature Microsoft.AspNetCore.Mvc.ActionResult`1[System.Collections.Generic.IEnumerable`1[System.String]] Get() on controller CitiesAPI.ASP.NET.CORE.Controllers.ValuesController (CitiesAPI.ASP.NET.CORE).
2020-08-25 15:40:17.0849|INFO|Microsoft.AspNetCore.Mvc.Internal.ControllerActionInvoker|Executing action method CitiesAPI.ASP.NET.CORE.Controllers.ValuesController.Get (CitiesAPI.ASP.NET.CORE) - Validation state: Valid
2020-08-25 15:40:17.3874|INFO|Microsoft.AspNetCore.Mvc.Internal.ControllerActionInvoker|Executed action method CitiesAPI.ASP.NET.CORE.Controllers.ValuesController.Get (CitiesAPI.ASP.NET.CORE), returned result Microsoft.AspNetCore.Mvc.ObjectResult in 6.5332ms.
2020-08-25 15:40:18.0181|INFO|Microsoft.AspNetCore.Mvc.Infrastructure.ObjectResultExecutor|Executing ObjectResult, writing value of type 'System.String[]'.
2020-08-25 15:40:19.6514|INFO|Microsoft.AspNetCore.Mvc.Internal.ControllerActionInvoker|Executed action CitiesAPI.ASP.NET.CORE.Controllers.ValuesController.Get (CitiesAPI.ASP.NET.CORE) in 5201.688ms
2020-08-25 15:40:19.9449|INFO|Microsoft.AspNetCore.Hosting.Internal.WebHost|Request finished in 12270.5392ms 200 application/json; charset=utf-8
2020-08-25 15:40:50.2630|INFO|Microsoft.AspNetCore.Hosting.Internal.WebHost|Request starting HTTP/1.1 GET http://localhost:1028/favicon.ico  
2020-08-25 15:40:50.9086|INFO|Microsoft.AspNetCore.Hosting.Internal.WebHost|Request finished in 294.6212ms 404 text/plain
