2020-08-31 13:13:44.3038|INFO|Microsoft.AspNetCore.DataProtection.KeyManagement.XmlKeyManager|User profile is available. Using 'C:\Users\TED\AppData\Local\ASP.NET\DataProtection-Keys' as key repository and Windows DPAPI to encrypt keys at rest.
2020-08-31 13:13:47.8228|INFO|Microsoft.AspNetCore.Hosting.Internal.WebHost|Request starting HTTP/1.1 GET http://localhost:1028/api/values  
2020-08-31 13:13:47.8228|INFO|Microsoft.AspNetCore.Hosting.Internal.WebHost|Request starting HTTP/1.1 DEBUG http://localhost:1028/  0
2020-08-31 13:13:48.9569|INFO|Microsoft.AspNetCore.Hosting.Internal.WebHost|Request finished in 893.2602ms 200 
2020-08-31 13:13:50.3475|INFO|Microsoft.AspNetCore.Mvc.Internal.ControllerActionInvoker|Route matched with {action = "Get", controller = "Values"}. Executing controller action with signature Microsoft.AspNetCore.Mvc.ActionResult`1[System.Collections.Generic.IEnumerable`1[System.String]] Get() on controller CitiesAPI.ASP.NET.CORE.Controllers.ValuesController (CitiesAPI.ASP.NET.CORE).
2020-08-31 13:13:51.4505|INFO|Microsoft.AspNetCore.Mvc.Internal.ControllerActionInvoker|Executing action method CitiesAPI.ASP.NET.CORE.Controllers.ValuesController.Get (CitiesAPI.ASP.NET.CORE) - Validation state: Valid
2020-08-31 13:13:51.4854|INFO|Microsoft.AspNetCore.Mvc.Internal.ControllerActionInvoker|Executed action method CitiesAPI.ASP.NET.CORE.Controllers.ValuesController.Get (CitiesAPI.ASP.NET.CORE), returned result Microsoft.AspNetCore.Mvc.ObjectResult in 1.7697ms.
2020-08-31 13:13:51.5741|INFO|Microsoft.AspNetCore.Mvc.Infrastructure.ObjectResultExecutor|Executing ObjectResult, writing value of type 'System.String[]'.
2020-08-31 13:13:51.8863|INFO|Microsoft.AspNetCore.Mvc.Internal.ControllerActionInvoker|Executed action CitiesAPI.ASP.NET.CORE.Controllers.ValuesController.Get (CitiesAPI.ASP.NET.CORE) in 1471.0355ms
2020-08-31 13:13:51.9366|INFO|Microsoft.AspNetCore.Hosting.Internal.WebHost|Request finished in 4158.4894ms 200 application/json; charset=utf-8
2020-08-31 13:13:52.2548|INFO|Microsoft.AspNetCore.Hosting.Internal.WebHost|Request starting HTTP/1.1 GET http://localhost:1028/favicon.ico  
2020-08-31 13:13:52.3687|INFO|Microsoft.AspNetCore.Hosting.Internal.WebHost|Request finished in 29.8546ms 404 text/plain
2020-08-31 13:21:43.2169|INFO|Microsoft.AspNetCore.Hosting.Internal.WebHost|Request starting HTTP/1.1 GET http://localhost:1028/api/testdb  
2020-08-31 13:21:43.5093|INFO|Microsoft.AspNetCore.Hosting.Internal.WebHost|Request finished in 85.0844ms 404 text/plain
2020-08-31 13:22:51.8924|INFO|Microsoft.AspNetCore.Hosting.Internal.WebHost|Request starting HTTP/1.1 GET http://localhost:1028/api/testdatabase  
2020-08-31 13:22:52.1517|INFO|Microsoft.AspNetCore.Mvc.Internal.ControllerActionInvoker|Route matched with {action = "Testdb", controller = "Dummpy"}. Executing controller action with signature Microsoft.AspNetCore.Mvc.IActionResult Testdb() on controller CitiesAPI.ASP.NET.CORE.Controllers.DummpyController (CitiesAPI.ASP.NET.CORE).
2020-08-31 13:43:24.9502|INFO|Microsoft.AspNetCore.Mvc.Internal.ControllerActionInvoker|Executed action CitiesAPI.ASP.NET.CORE.Controllers.DummpyController.Testdb (CitiesAPI.ASP.NET.CORE) in 1232759.9382ms
2020-08-31 13:43:25.7480|ERROR|Microsoft.AspNetCore.Diagnostics.DeveloperExceptionPageMiddleware|An unhandled exception has occurred while executing the request.
2020-08-31 13:43:26.0591|INFO|Microsoft.AspNetCore.Hosting.Internal.WebHost|Request finished in 1234174.0583ms 500 text/html; charset=utf-8
2020-08-31 13:49:28.2443|INFO|Microsoft.AspNetCore.DataProtection.KeyManagement.XmlKeyManager|User profile is available. Using 'C:\Users\TED\AppData\Local\ASP.NET\DataProtection-Keys' as key repository and Windows DPAPI to encrypt keys at rest.
2020-08-31 13:49:29.7195|INFO|Microsoft.AspNetCore.Hosting.Internal.WebHost|Request starting HTTP/1.1 GET http://localhost:1028/api/testdatabase  
2020-08-31 13:49:29.7195|INFO|Microsoft.AspNetCore.Hosting.Internal.WebHost|Request starting HTTP/1.1 GET http://localhost:1028/api/values  
2020-08-31 13:49:30.1942|INFO|Microsoft.AspNetCore.Mvc.Internal.ControllerActionInvoker|Route matched with {action = "Get", controller = "Values"}. Executing controller action with signature Microsoft.AspNetCore.Mvc.ActionResult`1[System.Collections.Generic.IEnumerable`1[System.String]] Get() on controller CitiesAPI.ASP.NET.CORE.Controllers.ValuesController (CitiesAPI.ASP.NET.CORE).
2020-08-31 13:49:30.1942|INFO|Microsoft.AspNetCore.Mvc.Internal.ControllerActionInvoker|Route matched with {action = "Testdb", controller = "Dummpy"}. Executing controller action with signature Microsoft.AspNetCore.Mvc.IActionResult Testdb() on controller CitiesAPI.ASP.NET.CORE.Controllers.DummpyController (CitiesAPI.ASP.NET.CORE).
2020-08-31 13:49:30.2366|INFO|Microsoft.AspNetCore.Mvc.Internal.ControllerActionInvoker|Executing action method CitiesAPI.ASP.NET.CORE.Controllers.ValuesController.Get (CitiesAPI.ASP.NET.CORE) - Validation state: Valid
2020-08-31 13:49:30.2728|INFO|Microsoft.AspNetCore.Mvc.Internal.ControllerActionInvoker|Executed action method CitiesAPI.ASP.NET.CORE.Controllers.ValuesController.Get (CitiesAPI.ASP.NET.CORE), returned result Microsoft.AspNetCore.Mvc.ObjectResult in 0.9695ms.
2020-08-31 13:49:30.3015|INFO|Microsoft.AspNetCore.Mvc.Internal.ControllerActionInvoker|Executed action CitiesAPI.ASP.NET.CORE.Controllers.DummpyController.Testdb (CitiesAPI.ASP.NET.CORE) in 59.668ms
2020-08-31 13:49:30.3225|INFO|Microsoft.AspNetCore.Mvc.Infrastructure.ObjectResultExecutor|Executing ObjectResult, writing value of type 'System.String[]'.
2020-08-31 13:49:30.4502|ERROR|Microsoft.AspNetCore.Diagnostics.DeveloperExceptionPageMiddleware|An unhandled exception has occurred while executing the request.
2020-08-31 13:49:30.4651|INFO|Microsoft.AspNetCore.Mvc.Internal.ControllerActionInvoker|Executed action CitiesAPI.ASP.NET.CORE.Controllers.ValuesController.Get (CitiesAPI.ASP.NET.CORE) in 263.6212ms
2020-08-31 13:49:30.4858|INFO|Microsoft.AspNetCore.Hosting.Internal.WebHost|Request finished in 767.6904ms 200 application/json; charset=utf-8
2020-08-31 13:49:30.5553|INFO|Microsoft.AspNetCore.Hosting.Internal.WebHost|Request finished in 837.7251ms 500 text/html; charset=utf-8
2020-08-31 13:51:05.8768|INFO|Microsoft.AspNetCore.DataProtection.KeyManagement.XmlKeyManager|User profile is available. Using 'C:\Users\TED\AppData\Local\ASP.NET\DataProtection-Keys' as key repository and Windows DPAPI to encrypt keys at rest.
2020-08-31 13:51:09.6122|INFO|Microsoft.AspNetCore.Hosting.Internal.WebHost|Request starting HTTP/1.1 GET http://localhost:1028/api/values  
2020-08-31 13:51:09.6122|INFO|Microsoft.AspNetCore.Hosting.Internal.WebHost|Request starting HTTP/1.1 GET http://localhost:1028/api/testdatabase  
2020-08-31 13:51:09.6122|INFO|Microsoft.AspNetCore.Hosting.Internal.WebHost|Request starting HTTP/1.1 DEBUG http://localhost:1028/  0
2020-08-31 13:51:09.9561|INFO|Microsoft.AspNetCore.Hosting.Internal.WebHost|Request finished in 363.5268ms 200 
2020-08-31 13:51:10.9101|INFO|Microsoft.AspNetCore.Mvc.Internal.ControllerActionInvoker|Route matched with {action = "Testdb", controller = "Dummpy"}. Executing controller action with signature Microsoft.AspNetCore.Mvc.IActionResult Testdb() on controller CitiesAPI.ASP.NET.CORE.Controllers.DummpyController (CitiesAPI.ASP.NET.CORE).
2020-08-31 13:51:10.9101|INFO|Microsoft.AspNetCore.Mvc.Internal.ControllerActionInvoker|Route matched with {action = "Get", controller = "Values"}. Executing controller action with signature Microsoft.AspNetCore.Mvc.ActionResult`1[System.Collections.Generic.IEnumerable`1[System.String]] Get() on controller CitiesAPI.ASP.NET.CORE.Controllers.ValuesController (CitiesAPI.ASP.NET.CORE).
2020-08-31 13:51:11.5253|INFO|Microsoft.AspNetCore.Mvc.Internal.ControllerActionInvoker|Executing action method CitiesAPI.ASP.NET.CORE.Controllers.ValuesController.Get (CitiesAPI.ASP.NET.CORE) - Validation state: Valid
2020-08-31 13:51:11.5724|INFO|Microsoft.AspNetCore.Mvc.Internal.ControllerActionInvoker|Executed action method CitiesAPI.ASP.NET.CORE.Controllers.ValuesController.Get (CitiesAPI.ASP.NET.CORE), returned result Microsoft.AspNetCore.Mvc.ObjectResult in 2.0256ms.
2020-08-31 13:51:11.6877|INFO|Microsoft.AspNetCore.Mvc.Infrastructure.ObjectResultExecutor|Executing ObjectResult, writing value of type 'System.String[]'.
2020-08-31 13:51:12.1935|INFO|Microsoft.AspNetCore.Mvc.Internal.ControllerActionInvoker|Executed action CitiesAPI.ASP.NET.CORE.Controllers.ValuesController.Get (CitiesAPI.ASP.NET.CORE) in 1221.5394ms
2020-08-31 13:51:12.4872|INFO|Microsoft.AspNetCore.Hosting.Internal.WebHost|Request finished in 2709.0437ms 200 application/json; charset=utf-8
2020-08-31 13:51:14.0599|INFO|Microsoft.EntityFrameworkCore.Infrastructure|Entity Framework Core 2.1.14-servicing-32113 initialized 'CityInfoContext' using provider 'Microsoft.EntityFrameworkCore.SqlServer' with options: None
2020-08-31 13:51:27.4865|INFO|Microsoft.EntityFrameworkCore.Database.Command|Executed DbCommand (2,135ms) [Parameters=[], CommandType='Text', CommandTimeout='60']
CREATE DATABASE [CityInfoDb];
2020-08-31 13:51:28.3738|INFO|Microsoft.EntityFrameworkCore.Database.Command|Executed DbCommand (844ms) [Parameters=[], CommandType='Text', CommandTimeout='60']
IF SERVERPROPERTY('EngineEdition') <> 5
BEGIN
    ALTER DATABASE [CityInfoDb] SET READ_COMMITTED_SNAPSHOT ON;
END;
2020-08-31 13:51:29.2907|INFO|Microsoft.EntityFrameworkCore.Database.Command|Executed DbCommand (469ms) [Parameters=[], CommandType='Text', CommandTimeout='30']
CREATE TABLE [Cities] (
    [Id] int NOT NULL IDENTITY,
    [Name] nvarchar(50) NOT NULL,
    [Description] nvarchar(200) NULL,
    CONSTRAINT [PK_Cities] PRIMARY KEY ([Id])
);
2020-08-31 13:51:29.8664|INFO|Microsoft.EntityFrameworkCore.Database.Command|Executed DbCommand (562ms) [Parameters=[], CommandType='Text', CommandTimeout='30']
CREATE TABLE [PointOfInterests] (
    [Id] int NOT NULL IDENTITY,
    [Name] nvarchar(max) NULL,
    [Description] nvarchar(max) NULL,
    [CityId] int NOT NULL,
    CONSTRAINT [PK_PointOfInterests] PRIMARY KEY ([Id]),
    CONSTRAINT [FK_PointOfInterests_Cities_CityId] FOREIGN KEY ([CityId]) REFERENCES [Cities] ([Id]) ON DELETE CASCADE
);
2020-08-31 13:51:30.0231|INFO|Microsoft.EntityFrameworkCore.Database.Command|Executed DbCommand (149ms) [Parameters=[], CommandType='Text', CommandTimeout='30']
CREATE INDEX [IX_PointOfInterests_CityId] ON [PointOfInterests] ([CityId]);
2020-08-31 13:51:30.1230|INFO|Microsoft.AspNetCore.Mvc.Internal.ControllerActionInvoker|Executing action method CitiesAPI.ASP.NET.CORE.Controllers.DummpyController.Testdb (CitiesAPI.ASP.NET.CORE) - Validation state: Valid
2020-08-31 13:51:30.1500|INFO|Microsoft.AspNetCore.Mvc.Internal.ControllerActionInvoker|Executed action method CitiesAPI.ASP.NET.CORE.Controllers.DummpyController.Testdb (CitiesAPI.ASP.NET.CORE), returned result Microsoft.AspNetCore.Mvc.OkResult in 4.4735ms.
2020-08-31 13:51:30.1878|INFO|Microsoft.AspNetCore.Mvc.StatusCodeResult|Executing HttpStatusCodeResult, setting HTTP status code 200
2020-08-31 13:51:30.2061|INFO|Microsoft.AspNetCore.Mvc.Internal.ControllerActionInvoker|Executed action CitiesAPI.ASP.NET.CORE.Controllers.DummpyController.Testdb (CitiesAPI.ASP.NET.CORE) in 19268.9027ms
2020-08-31 13:51:30.3036|INFO|Microsoft.AspNetCore.Hosting.Internal.WebHost|Request finished in 20673.1548ms 200 
2020-08-31 13:57:08.0831|INFO|Microsoft.EntityFrameworkCore.Infrastructure|Entity Framework Core 2.1.14-servicing-32113 initialized 'CityInfoContext' using provider 'Microsoft.EntityFrameworkCore.SqlServer' with options: None
2020-08-31 13:57:09.0150|INFO|Microsoft.EntityFrameworkCore.Database.Command|Executed DbCommand (57ms) [Parameters=[], CommandType='Text', CommandTimeout='30']
IF EXISTS (SELECT * FROM INFORMATION_SCHEMA.TABLES WHERE TABLE_TYPE = 'BASE TABLE') SELECT 1 ELSE SELECT 0
2020-08-31 13:58:00.7316|INFO|Microsoft.EntityFrameworkCore.Infrastructure|Entity Framework Core 2.1.14-servicing-32113 initialized 'CityInfoContext' using provider 'Microsoft.EntityFrameworkCore.SqlServer' with options: None
2020-08-31 13:58:01.2764|INFO|Microsoft.EntityFrameworkCore.Database.Command|Executed DbCommand (39ms) [Parameters=[], CommandType='Text', CommandTimeout='30']
IF EXISTS (SELECT * FROM INFORMATION_SCHEMA.TABLES WHERE TABLE_TYPE = 'BASE TABLE') SELECT 1 ELSE SELECT 0
2020-08-31 13:58:01.4345|INFO|Microsoft.EntityFrameworkCore.Database.Command|Executed DbCommand (4ms) [Parameters=[], CommandType='Text', CommandTimeout='30']
SELECT OBJECT_ID(N'[__EFMigrationsHistory]');
2020-08-31 13:59:23.7679|INFO|Microsoft.EntityFrameworkCore.Infrastructure|Entity Framework Core 2.1.14-servicing-32113 initialized 'CityInfoContext' using provider 'Microsoft.EntityFrameworkCore.SqlServer' with options: None
2020-08-31 13:59:42.6413|INFO|Microsoft.EntityFrameworkCore.Infrastructure|Entity Framework Core 2.1.14-servicing-32113 initialized 'CityInfoContext' using provider 'Microsoft.EntityFrameworkCore.SqlServer' with options: None
2020-08-31 13:59:53.7931|INFO|Microsoft.EntityFrameworkCore.Database.Command|Executed DbCommand (430ms) [Parameters=[], CommandType='Text', CommandTimeout='60']
CREATE DATABASE [CityInfoDb];
2020-08-31 13:59:54.0139|INFO|Microsoft.EntityFrameworkCore.Database.Command|Executed DbCommand (215ms) [Parameters=[], CommandType='Text', CommandTimeout='60']
IF SERVERPROPERTY('EngineEdition') <> 5
BEGIN
    ALTER DATABASE [CityInfoDb] SET READ_COMMITTED_SNAPSHOT ON;
END;
2020-08-31 13:59:54.1920|INFO|Microsoft.EntityFrameworkCore.Database.Command|Executed DbCommand (11ms) [Parameters=[], CommandType='Text', CommandTimeout='30']
CREATE TABLE [__EFMigrationsHistory] (
    [MigrationId] nvarchar(150) NOT NULL,
    [ProductVersion] nvarchar(32) NOT NULL,
    CONSTRAINT [PK___EFMigrationsHistory] PRIMARY KEY ([MigrationId])
);
2020-08-31 13:59:54.2082|INFO|Microsoft.EntityFrameworkCore.Database.Command|Executed DbCommand (10ms) [Parameters=[], CommandType='Text', CommandTimeout='30']
SELECT OBJECT_ID(N'[__EFMigrationsHistory]');
2020-08-31 13:59:54.2082|INFO|Microsoft.EntityFrameworkCore.Database.Command|Executed DbCommand (4ms) [Parameters=[], CommandType='Text', CommandTimeout='30']
SELECT [MigrationId], [ProductVersion]
FROM [__EFMigrationsHistory]
ORDER BY [MigrationId];
2020-08-31 13:59:54.2307|INFO|Microsoft.EntityFrameworkCore.Migrations|Applying migration '20200831105924_cityinfoinitialmigration'.
2020-08-31 13:59:54.2689|INFO|Microsoft.EntityFrameworkCore.Database.Command|Executed DbCommand (3ms) [Parameters=[], CommandType='Text', CommandTimeout='30']
CREATE TABLE [Cities] (
    [Id] int NOT NULL IDENTITY,
    [Name] nvarchar(50) NOT NULL,
    [Description] nvarchar(200) NULL,
    CONSTRAINT [PK_Cities] PRIMARY KEY ([Id])
);
2020-08-31 13:59:54.2689|INFO|Microsoft.EntityFrameworkCore.Database.Command|Executed DbCommand (8ms) [Parameters=[], CommandType='Text', CommandTimeout='30']
CREATE TABLE [PointOfInterests] (
    [Id] int NOT NULL IDENTITY,
    [Name] nvarchar(max) NULL,
    [Description] nvarchar(max) NULL,
    [CityId] int NOT NULL,
    CONSTRAINT [PK_PointOfInterests] PRIMARY KEY ([Id]),
    CONSTRAINT [FK_PointOfInterests_Cities_CityId] FOREIGN KEY ([CityId]) REFERENCES [Cities] ([Id]) ON DELETE CASCADE
);
2020-08-31 13:59:54.2689|INFO|Microsoft.EntityFrameworkCore.Database.Command|Executed DbCommand (2ms) [Parameters=[], CommandType='Text', CommandTimeout='30']
CREATE INDEX [IX_PointOfInterests_CityId] ON [PointOfInterests] ([CityId]);
2020-08-31 13:59:54.2868|INFO|Microsoft.EntityFrameworkCore.Database.Command|Executed DbCommand (4ms) [Parameters=[], CommandType='Text', CommandTimeout='30']
INSERT INTO [__EFMigrationsHistory] ([MigrationId], [ProductVersion])
VALUES (N'20200831105924_cityinfoinitialmigration', N'2.1.14-servicing-32113');
2020-08-31 14:17:27.6075|INFO|Microsoft.EntityFrameworkCore.Infrastructure|Entity Framework Core 2.1.14-servicing-32113 initialized 'CityInfoContext' using provider 'Microsoft.EntityFrameworkCore.SqlServer' with options: None
2020-08-31 14:17:43.2769|INFO|Microsoft.EntityFrameworkCore.Infrastructure|Entity Framework Core 2.1.14-servicing-32113 initialized 'CityInfoContext' using provider 'Microsoft.EntityFrameworkCore.SqlServer' with options: None
2020-08-31 14:17:43.8921|INFO|Microsoft.EntityFrameworkCore.Database.Command|Executed DbCommand (7ms) [Parameters=[], CommandType='Text', CommandTimeout='30']
SELECT OBJECT_ID(N'[__EFMigrationsHistory]');
2020-08-31 14:17:43.9008|INFO|Microsoft.EntityFrameworkCore.Database.Command|Executed DbCommand (2ms) [Parameters=[], CommandType='Text', CommandTimeout='30']
SELECT OBJECT_ID(N'[__EFMigrationsHistory]');
2020-08-31 14:17:43.9131|INFO|Microsoft.EntityFrameworkCore.Database.Command|Executed DbCommand (3ms) [Parameters=[], CommandType='Text', CommandTimeout='30']
SELECT [MigrationId], [ProductVersion]
FROM [__EFMigrationsHistory]
ORDER BY [MigrationId];
2020-08-31 14:17:43.9263|INFO|Microsoft.EntityFrameworkCore.Migrations|Applying migration '20200831111728_cityinfoseddingdata'.
2020-08-31 14:17:44.0135|INFO|Microsoft.EntityFrameworkCore.Database.Command|Executed DbCommand (56ms) [Parameters=[], CommandType='Text', CommandTimeout='30']
IF EXISTS (SELECT * FROM [sys].[identity_columns] WHERE [name] IN (N'Id', N'Description', N'Name') AND [object_id] = OBJECT_ID(N'[Cities]'))
    SET IDENTITY_INSERT [Cities] ON;
INSERT INTO [Cities] ([Id], [Description], [Name])
VALUES (1, N'The one with that big park.', N'New York City');
IF EXISTS (SELECT * FROM [sys].[identity_columns] WHERE [name] IN (N'Id', N'Description', N'Name') AND [object_id] = OBJECT_ID(N'[Cities]'))
    SET IDENTITY_INSERT [Cities] OFF;
2020-08-31 14:17:44.0340|INFO|Microsoft.EntityFrameworkCore.Database.Command|Executed DbCommand (19ms) [Parameters=[], CommandType='Text', CommandTimeout='30']
IF EXISTS (SELECT * FROM [sys].[identity_columns] WHERE [name] IN (N'Id', N'Description', N'Name') AND [object_id] = OBJECT_ID(N'[Cities]'))
    SET IDENTITY_INSERT [Cities] ON;
INSERT INTO [Cities] ([Id], [Description], [Name])
VALUES (2, N'The one with the cathedral that was never really finished.', N'Antwerp');
IF EXISTS (SELECT * FROM [sys].[identity_columns] WHERE [name] IN (N'Id', N'Description', N'Name') AND [object_id] = OBJECT_ID(N'[Cities]'))
    SET IDENTITY_INSERT [Cities] OFF;
2020-08-31 14:17:44.0546|INFO|Microsoft.EntityFrameworkCore.Database.Command|Executed DbCommand (18ms) [Parameters=[], CommandType='Text', CommandTimeout='30']
IF EXISTS (SELECT * FROM [sys].[identity_columns] WHERE [name] IN (N'Id', N'Description', N'Name') AND [object_id] = OBJECT_ID(N'[Cities]'))
    SET IDENTITY_INSERT [Cities] ON;
INSERT INTO [Cities] ([Id], [Description], [Name])
VALUES (3, N'The one with that big tower.', N'Paris');
IF EXISTS (SELECT * FROM [sys].[identity_columns] WHERE [name] IN (N'Id', N'Description', N'Name') AND [object_id] = OBJECT_ID(N'[Cities]'))
    SET IDENTITY_INSERT [Cities] OFF;
2020-08-31 14:17:44.0850|INFO|Microsoft.EntityFrameworkCore.Database.Command|Executed DbCommand (28ms) [Parameters=[], CommandType='Text', CommandTimeout='30']
IF EXISTS (SELECT * FROM [sys].[identity_columns] WHERE [name] IN (N'Id', N'CityId', N'Description', N'Name') AND [object_id] = OBJECT_ID(N'[PointOfInterests]'))
    SET IDENTITY_INSERT [PointOfInterests] ON;
INSERT INTO [PointOfInterests] ([Id], [CityId], [Description], [Name])
VALUES (1, 1, N'The most visited urban park in the United States.', N'Central Park'),
(2, 1, N'A 102-story skyscraper located in Midtown Manhattan.', N'Empire State Building'),
(3, 2, N'A Gothic style cathedral, conceived by architects Jan and Pieter Appelmans.', N'Cathedral'),
(4, 2, N'The the finest example of railway architecture in Belgium.', N'Antwerp Central Station'),
(5, 3, N'A wrought iron lattice tower on the Champ de Mars, named after engineer Gustave Eiffel.', N'Eiffel Tower'),
(6, 3, N'The world''s largest museum.', N'The Louvre');
IF EXISTS (SELECT * FROM [sys].[identity_columns] WHERE [name] IN (N'Id', N'CityId', N'Description', N'Name') AND [object_id] = OBJECT_ID(N'[PointOfInterests]'))
    SET IDENTITY_INSERT [PointOfInterests] OFF;
2020-08-31 14:17:44.4277|INFO|Microsoft.EntityFrameworkCore.Database.Command|Executed DbCommand (4ms) [Parameters=[], CommandType='Text', CommandTimeout='30']
INSERT INTO [__EFMigrationsHistory] ([MigrationId], [ProductVersion])
VALUES (N'20200831111728_cityinfoseddingdata', N'2.1.14-servicing-32113');
